mode: set
github.com/emilybache/gildedrose-refactoring-kata/gildedrose/gildedrose.go:65.35,66.29 1 1
github.com/emilybache/gildedrose-refactoring-kata/gildedrose/gildedrose.go:66.29,69.3 2 1
github.com/emilybache/gildedrose-refactoring-kata/gildedrose/gildedrose.go:72.45,73.19 1 1
github.com/emilybache/gildedrose-refactoring-kata/gildedrose/gildedrose.go:74.19,75.27 1 1
github.com/emilybache/gildedrose-refactoring-kata/gildedrose/gildedrose.go:76.51,77.34 1 1
github.com/emilybache/gildedrose-refactoring-kata/gildedrose/gildedrose.go:78.36,79.27 1 1
github.com/emilybache/gildedrose-refactoring-kata/gildedrose/gildedrose.go:80.10,81.30 1 1
github.com/emilybache/gildedrose-refactoring-kata/gildedrose/gildedrose.go:89.46,91.2 1 1
github.com/emilybache/gildedrose-refactoring-kata/gildedrose/gildedrose.go:93.35,94.27 1 1
github.com/emilybache/gildedrose-refactoring-kata/gildedrose/gildedrose.go:98.2,100.51 2 1
github.com/emilybache/gildedrose-refactoring-kata/gildedrose/gildedrose.go:94.27,96.3 1 1
github.com/emilybache/gildedrose-refactoring-kata/gildedrose/gildedrose.go:100.51,102.3 1 1
github.com/emilybache/gildedrose-refactoring-kata/gildedrose/gildedrose.go:109.40,111.2 1 1
github.com/emilybache/gildedrose-refactoring-kata/gildedrose/gildedrose.go:113.32,114.28 1 1
github.com/emilybache/gildedrose-refactoring-kata/gildedrose/gildedrose.go:118.2,120.52 2 1
github.com/emilybache/gildedrose-refactoring-kata/gildedrose/gildedrose.go:114.28,116.3 1 1
github.com/emilybache/gildedrose-refactoring-kata/gildedrose/gildedrose.go:120.52,122.3 1 1
github.com/emilybache/gildedrose-refactoring-kata/gildedrose/gildedrose.go:129.54,131.2 1 1
github.com/emilybache/gildedrose-refactoring-kata/gildedrose/gildedrose.go:133.39,134.28 1 1
github.com/emilybache/gildedrose-refactoring-kata/gildedrose/gildedrose.go:145.2,147.26 2 1
github.com/emilybache/gildedrose-refactoring-kata/gildedrose/gildedrose.go:134.28,137.28 2 1
github.com/emilybache/gildedrose-refactoring-kata/gildedrose/gildedrose.go:140.3,140.27 1 1
github.com/emilybache/gildedrose-refactoring-kata/gildedrose/gildedrose.go:137.28,139.4 1 1
github.com/emilybache/gildedrose-refactoring-kata/gildedrose/gildedrose.go:140.27,142.4 1 1
github.com/emilybache/gildedrose-refactoring-kata/gildedrose/gildedrose.go:147.26,149.3 1 1
github.com/emilybache/gildedrose-refactoring-kata/gildedrose/gildedrose.go:156.40,158.2 1 1
github.com/emilybache/gildedrose-refactoring-kata/gildedrose/gildedrose.go:160.33,160.34 0 1
